<?xml version="1.0" encoding="UTF-8"?>
<!-- Generated by org.testng.reporters.JUnitReportReporter -->
<testsuite skipped="0" hostname="Amit" name="COA_Assignment.org.coa.assignment.GetExcel" tests="2" failures="0" timestamp="03 Jun 2018 21:21:45 GMT" time="13.092" errors="0">
  <testcase name="getCustomerInfo" time="11.018" classname="COA_Assignment.org.coa.assignment.GetExcel"/>
  <testcase name="parseExcel" time="2.074" classname="COA_Assignment.org.coa.assignment.GetExcel"/>
</testsuite> <!-- COA_Assignment.org.coa.assignment.GetExcel -->
