<?xml version="1.0" encoding="UTF-8"?>
<!-- Generated by org.testng.reporters.JUnitReportReporter -->
<testsuite skipped="0" hostname="Amit" name="COA_Assignment.org.coa.assignment.GetExcel" tests="1" failures="0" timestamp="03 Jun 2018 19:42:33 GMT" time="12.418" errors="0">
  <testcase name="getCustomerInfo" time="12.418" classname="COA_Assignment.org.coa.assignment.GetExcel"/>
</testsuite> <!-- COA_Assignment.org.coa.assignment.GetExcel -->
