<?xml version="1.0" encoding="UTF-8"?>
<!-- Generated by org.testng.reporters.JUnitReportReporter -->
<testsuite skipped="0" hostname="Amit" name="COA_Assignment.org.coa.assignment.GetExcel" tests="2" failures="0" timestamp="04 Jun 2018 09:51:22 GMT" time="12.765" errors="0">
  <testcase name="getCustomerInfo" time="10.191" classname="COA_Assignment.org.coa.assignment.GetExcel"/>
  <testcase name="parseExcel" time="2.574" classname="COA_Assignment.org.coa.assignment.GetExcel"/>
</testsuite> <!-- COA_Assignment.org.coa.assignment.GetExcel -->
